[0m[[0m[0mdebug[0m] [0m[0m> Exec(;Test/compile; collectAnalyses, None, Some(CommandSource(network-1)))[0m
[0m[[0m[0mdebug[0m] [0m[0munmatched Processing event for requestId None: None[0m
[0m[[0m[0mdebug[0m] [0m[0munmatched Done event for requestId None: None[0m
[0m[[0m[0mdebug[0m] [0m[0m> Exec(Test/compile, None, Some(CommandSource(network-1)))[0m
[0m[[0m[0mdebug[0m] [0m[0munmatched Processing event for requestId None: None[0m
[0m[[0m[0mdebug[0m] [0m[0mEvaluating tasks: Test / compile[0m
[0m[[0m[0mdebug[0m] [0m[0mRunning task... Cancel: bloop.integrations.sbt.Offloader$$anon$1@1d556461, check cycles: false, forcegc: true[0m
[0m[[0m[0mdebug[0m] [0m[0mjsonRpcNotify: JsonRpcNotificationMessage(2.0, build/taskStart, {"taskId":{"id":"11","parents":[]},"eventTime":1632892865103,"message":"Compiling hw","dataKind":"compile-task","data":{"target":{"uri":"file:/Users/qilu/Documents/Git_Code/CSC447/hw/#hw/Compile"}}})[0m
[0m[[0m[0mdebug[0m] [0m[0mjsonRpcNotify: JsonRpcNotificationMessage(2.0, build/publishDiagnostics, {"textDocument":{"uri":"file:///Users/qilu/Documents/Git_Code/CSC447/hw/src/main/scala/storage.scala"},"buildTarget":{"uri":"file:/Users/qilu/Documents/Git_Code/CSC447/hw/#hw/Compile"},"diagnostics":[],"reset":true})[0m
[0m[[0m[0mdebug[0m] [0m[0mjsonRpcNotify: JsonRpcNotificationMessage(2.0, build/publishDiagnostics, {"textDocument":{"uri":"file:///Users/qilu/Documents/Git_Code/CSC447/hw/src/main/scala/subtyping.scala"},"buildTarget":{"uri":"file:/Users/qilu/Documents/Git_Code/CSC447/hw/#hw/Compile"},"diagnostics":[],"reset":true})[0m
[0m[[0m[0mdebug[0m] [0m[0mjsonRpcNotify: JsonRpcNotificationMessage(2.0, build/publishDiagnostics, {"textDocument":{"uri":"file:///Users/qilu/Documents/Git_Code/CSC447/hw/src/main/scala/fp1.scala"},"buildTarget":{"uri":"file:/Users/qilu/Documents/Git_Code/CSC447/hw/#hw/Compile"},"diagnostics":[],"reset":true})[0m
[0m[[0m[0mdebug[0m] [0m[0mjsonRpcNotify: JsonRpcNotificationMessage(2.0, build/publishDiagnostics, {"textDocument":{"uri":"file:///Users/qilu/Documents/Git_Code/CSC447/hw/src/main/scala/fp3.scala"},"buildTarget":{"uri":"file:/Users/qilu/Documents/Git_Code/CSC447/hw/#hw/Compile"},"diagnostics":[],"reset":true})[0m
[0m[[0m[0mdebug[0m] [0m[0mjsonRpcNotify: JsonRpcNotificationMessage(2.0, build/publishDiagnostics, {"textDocument":{"uri":"file:///Users/qilu/Documents/Git_Code/CSC447/hw/src/main/scala/dynamic.scala"},"buildTarget":{"uri":"file:/Users/qilu/Documents/Git_Code/CSC447/hw/#hw/Compile"},"diagnostics":[],"reset":true})[0m
[0m[[0m[0mdebug[0m] [0m[0mjsonRpcNotify: JsonRpcNotificationMessage(2.0, build/publishDiagnostics, {"textDocument":{"uri":"file:///Users/qilu/Documents/Git_Code/CSC447/hw/src/main/scala/fp2.scala"},"buildTarget":{"uri":"file:/Users/qilu/Documents/Git_Code/CSC447/hw/#hw/Compile"},"diagnostics":[],"reset":true})[0m
[0m[[0m[0mdebug[0m] [0m[0mjsonRpcNotify: JsonRpcNotificationMessage(2.0, build/publishDiagnostics, {"textDocument":{"uri":"file:///Users/qilu/Documents/Git_Code/CSC447/hw/src/main/scala/interpreter.scala"},"buildTarget":{"uri":"file:/Users/qilu/Documents/Git_Code/CSC447/hw/#hw/Compile"},"diagnostics":[],"reset":true})[0m
[0m[[0m[0mdebug[0m] [0m[0mjsonRpcNotify: JsonRpcNotificationMessage(2.0, build/publishDiagnostics, {"textDocument":{"uri":"file:///Users/qilu/Documents/Git_Code/CSC447/hw/src/main/scala/argpass.scala"},"buildTarget":{"uri":"file:/Users/qilu/Documents/Git_Code/CSC447/hw/#hw/Compile"},"diagnostics":[],"reset":true})[0m
[0m[[0m[0mdebug[0m] [0m[0mjsonRpcNotify: JsonRpcNotificationMessage(2.0, build/taskFinish, {"taskId":{"id":"11","parents":[]},"eventTime":1632892865162,"message":"Compiled hw","status":1,"dataKind":"compile-report","data":{"target":{"uri":"file:/Users/qilu/Documents/Git_Code/CSC447/hw/#hw/Compile"},"errors":0,"warnings":0,"time":59}})[0m
[0m[[0m[0mdebug[0m] [0m[0mjsonRpcNotify: JsonRpcNotificationMessage(2.0, build/taskStart, {"taskId":{"id":"12","parents":[]},"eventTime":1632892865202,"message":"Compiling hw-test","dataKind":"compile-task","data":{"target":{"uri":"file:/Users/qilu/Documents/Git_Code/CSC447/hw/#hw/Test"}}})[0m
[0m[[0m[0mdebug[0m] [0m[0mjsonRpcNotify: JsonRpcNotificationMessage(2.0, build/publishDiagnostics, {"textDocument":{"uri":"file:///Users/qilu/Documents/Git_Code/CSC447/hw/src/test/scala/subtypingtests.scala"},"buildTarget":{"uri":"file:/Users/qilu/Documents/Git_Code/CSC447/hw/#hw/Test"},"diagnostics":[],"reset":true})[0m
[0m[[0m[0mdebug[0m] [0m[0mjsonRpcNotify: JsonRpcNotificationMessage(2.0, build/publishDiagnostics, {"textDocument":{"uri":"file:///Users/qilu/Documents/Git_Code/CSC447/hw/src/test/scala/storagetests.scala"},"buildTarget":{"uri":"file:/Users/qilu/Documents/Git_Code/CSC447/hw/#hw/Test"},"diagnostics":[],"reset":true})[0m
[0m[[0m[0mdebug[0m] [0m[0mjsonRpcNotify: JsonRpcNotificationMessage(2.0, build/publishDiagnostics, {"textDocument":{"uri":"file:///Users/qilu/Documents/Git_Code/CSC447/hw/src/test/scala/UnitSpec.scala"},"buildTarget":{"uri":"file:/Users/qilu/Documents/Git_Code/CSC447/hw/#hw/Test"},"diagnostics":[],"reset":true})[0m
[0m[[0m[0mdebug[0m] [0m[0mjsonRpcNotify: JsonRpcNotificationMessage(2.0, build/publishDiagnostics, {"textDocument":{"uri":"file:///Users/qilu/Documents/Git_Code/CSC447/hw/src/test/scala/dynamictests.scala"},"buildTarget":{"uri":"file:/Users/qilu/Documents/Git_Code/CSC447/hw/#hw/Test"},"diagnostics":[],"reset":true})[0m
[0m[[0m[0mdebug[0m] [0m[0mjsonRpcNotify: JsonRpcNotificationMessage(2.0, build/publishDiagnostics, {"textDocument":{"uri":"file:///Users/qilu/Documents/Git_Code/CSC447/hw/src/test/scala/fp3tests.scala"},"buildTarget":{"uri":"file:/Users/qilu/Documents/Git_Code/CSC447/hw/#hw/Test"},"diagnostics":[],"reset":true})[0m
[0m[[0m[0mdebug[0m] [0m[0mjsonRpcNotify: JsonRpcNotificationMessage(2.0, build/publishDiagnostics, {"textDocument":{"uri":"file:///Users/qilu/Documents/Git_Code/CSC447/hw/src/test/scala/interpretertests.scala"},"buildTarget":{"uri":"file:/Users/qilu/Documents/Git_Code/CSC447/hw/#hw/Test"},"diagnostics":[],"reset":true})[0m
[0m[[0m[0mdebug[0m] [0m[0mjsonRpcNotify: JsonRpcNotificationMessage(2.0, build/publishDiagnostics, {"textDocument":{"uri":"file:///Users/qilu/Documents/Git_Code/CSC447/hw/src/test/scala/fp1tests.scala"},"buildTarget":{"uri":"file:/Users/qilu/Documents/Git_Code/CSC447/hw/#hw/Test"},"diagnostics":[],"reset":true})[0m
[0m[[0m[0mdebug[0m] [0m[0mjsonRpcNotify: JsonRpcNotificationMessage(2.0, build/publishDiagnostics, {"textDocument":{"uri":"file:///Users/qilu/Documents/Git_Code/CSC447/hw/src/test/scala/argpasstests.scala"},"buildTarget":{"uri":"file:/Users/qilu/Documents/Git_Code/CSC447/hw/#hw/Test"},"diagnostics":[],"reset":true})[0m
[0m[[0m[0mdebug[0m] [0m[0mjsonRpcNotify: JsonRpcNotificationMessage(2.0, build/publishDiagnostics, {"textDocument":{"uri":"file:///Users/qilu/Documents/Git_Code/CSC447/hw/src/test/scala/fp2tests.scala"},"buildTarget":{"uri":"file:/Users/qilu/Documents/Git_Code/CSC447/hw/#hw/Test"},"diagnostics":[],"reset":true})[0m
[0m[[0m[0mdebug[0m] [0m[0mjsonRpcNotify: JsonRpcNotificationMessage(2.0, build/taskFinish, {"taskId":{"id":"12","parents":[]},"eventTime":1632892865241,"message":"Compiled hw-test","status":1,"dataKind":"compile-report","data":{"target":{"uri":"file:/Users/qilu/Documents/Git_Code/CSC447/hw/#hw/Test"},"errors":0,"warnings":0,"time":39}})[0m
[0m[[0m[32msuccess[0m] [0m[0mTotal time: 1 s, completed Sep 29, 2021, 12:21:05 AM[0m
[0m[[0m[0mdebug[0m] [0m[0munmatched Done event for requestId None: None[0m
[0m[[0m[0mdebug[0m] [0m[0m> Exec(collectAnalyses, None, Some(CommandSource(network-1)))[0m
[0m[[0m[0mdebug[0m] [0m[0munmatched Processing event for requestId None: None[0m
[0m[[0m[0mdebug[0m] [0m[0mEvaluating tasks: Compile / collectAnalyses[0m
[0m[[0m[0mdebug[0m] [0m[0mRunning task... Cancel: bloop.integrations.sbt.Offloader$$anon$1@1a67f8b4, check cycles: false, forcegc: true[0m
[0m[[0m[0mdebug[0m] [0m[0manalysis location (/Users/qilu/Documents/Git_Code/CSC447/hw/target/scala-3.0.1/zinc/inc_compile_3.zip,true)[0m
[0m[[0m[32msuccess[0m] [0m[0mTotal time: 0 s, completed Sep 29, 2021, 12:21:05 AM[0m
[0m[[0m[0mdebug[0m] [0m[0munmatched Done event for requestId None: None[0m
[0m[[0m[0mdebug[0m] [0m[0m> Exec(shell, None, None)[0m
[0m[[0m[0mdebug[0m] [0m[0mUnhandled request received: shutdown: JsonRpcRequestMessage(2.0, ♨2, shutdown, null})[0m
